{"level": "INFO", "time": "2025-11-12 23:52:21,099", "log_msg": "logged in via the API", "user_name": "anti-lockout-user", "user_id": 3, "server_id": null, "source_ip": "10.241.0.36"}
{"level": "INFO", "time": "2025-11-12 23:53:01,726", "log_msg": "edited user admin (UID: 1)with roles set()", "user_name": "anti-lockout-user", "user_id": 3, "server_id": null, "source_ip": "10.241.0.36"}
{"level": "INFO", "time": "2025-11-12 23:53:47,515", "log_msg": "logged in via the API", "user_name": "admin", "user_id": 1, "server_id": null, "source_ip": "10.241.0.36"}
{"level": "INFO", "time": "2025-11-12 23:54:44,230", "log_msg": "created server Hexxit-3.0 (ID: 5a2e0323-fd9b-4f57-87af-3df64731e80a) (UUID: 5a2e0323-fd9b-4f57-87af-3df64731e80a)", "user_name": "admin", "user_id": 1, "server_id": "5a2e0323-fd9b-4f57-87af-3df64731e80a", "source_ip": "10.241.0.36"}
{"level": "INFO", "time": "2025-11-12 23:55:59,555", "log_msg": "issued command start_server for server Hexxit-3.0 with ID: 5a2e0323-fd9b-4f57-87af-3df64731e80a", "user_name": "admin", "user_id": 1, "server_id": "5a2e0323-fd9b-4f57-87af-3df64731e80a", "source_ip": "10.241.0.36"}
{"level": "INFO", "time": "2025-11-12 23:57:37,883", "log_msg": "issued command restart_server for server Hexxit-3.0 with ID: 5a2e0323-fd9b-4f57-87af-3df64731e80a", "user_name": "admin", "user_id": 1, "server_id": "5a2e0323-fd9b-4f57-87af-3df64731e80a", "source_ip": "10.241.0.36"}
{"level": "INFO", "time": "2025-11-12 23:59:24,611", "log_msg": "Uploaded file libraryferret-forge-1.20.1-4.0.0.jar", "user_name": "admin", "user_id": 1, "server_id": "5a2e0323-fd9b-4f57-87af-3df64731e80a", "source_ip": "::1"}
{"level": "INFO", "time": "2025-11-12 23:59:24,617", "log_msg": "Uploaded file awesomedungeon-forge-1.20.1-3.2.0.jar", "user_name": "admin", "user_id": 1, "server_id": "5a2e0323-fd9b-4f57-87af-3df64731e80a", "source_ip": "::1"}
{"level": "INFO", "time": "2025-11-12 23:59:24,623", "log_msg": "Uploaded file dynamiclights-1.20.1.2.jar", "user_name": "admin", "user_id": 1, "server_id": "5a2e0323-fd9b-4f57-87af-3df64731e80a", "source_ip": "::1"}
{"level": "INFO", "time": "2025-11-12 23:59:24,627", "log_msg": "Uploaded file gnetum-2.1.3.jar", "user_name": "admin", "user_id": 1, "server_id": "5a2e0323-fd9b-4f57-87af-3df64731e80a", "source_ip": "::1"}
{"level": "INFO", "time": "2025-11-12 23:59:24,632", "log_msg": "Uploaded file armordamagescale-1.20.1-3.1.jar", "user_name": "admin", "user_id": 1, "server_id": "5a2e0323-fd9b-4f57-87af-3df64731e80a", "source_ip": "::1"}
{"level": "INFO", "time": "2025-11-12 23:59:24,674", "log_msg": "Uploaded file battle_towers-1.4-forge-1.20.1.jar", "user_name": "admin", "user_id": 1, "server_id": "5a2e0323-fd9b-4f57-87af-3df64731e80a", "source_ip": "::1"}
{"level": "INFO", "time": "2025-11-12 23:59:24,681", "log_msg": "Uploaded file QuarkOddities-1.20.1.jar", "user_name": "admin", "user_id": 1, "server_id": "5a2e0323-fd9b-4f57-87af-3df64731e80a", "source_ip": "::1"}
{"level": "INFO", "time": "2025-11-12 23:59:24,689", "log_msg": "Uploaded file immersive_optimization-forge-1.20.1-0.1.0.jar", "user_name": "admin", "user_id": 1, "server_id": "5a2e0323-fd9b-4f57-87af-3df64731e80a", "source_ip": "::1"}
{"level": "INFO", "time": "2025-11-12 23:59:24,691", "log_msg": "Uploaded file ironchest-1.20.1-14.4.4.jar", "user_name": "admin", "user_id": 1, "server_id": "5a2e0323-fd9b-4f57-87af-3df64731e80a", "source_ip": "::1"}
{"level": "INFO", "time": "2025-11-12 23:59:24,760", "log_msg": "Uploaded file architectury-9.2.14-forge.jar", "user_name": "admin", "user_id": 1, "server_id": "5a2e0323-fd9b-4f57-87af-3df64731e80a", "source_ip": "::1"}
{"level": "INFO", "time": "2025-11-12 23:59:24,781", "log_msg": "Uploaded file jauml-1.0.4b-forge-1.20.1.jar", "user_name": "admin", "user_id": 1, "server_id": "5a2e0323-fd9b-4f57-87af-3df64731e80a", "source_ip": "::1"}
{"level": "INFO", "time": "2025-11-12 23:59:24,872", "log_msg": "Uploaded file gpumemleakfix-1.20.1-1.8.jar", "user_name": "admin", "user_id": 1, "server_id": "5a2e0323-fd9b-4f57-87af-3df64731e80a", "source_ip": "::1"}
{"level": "INFO", "time": "2025-11-12 23:59:24,878", "log_msg": "Uploaded file FallingTree-1.20.1-4.3.4.jar", "user_name": "admin", "user_id": 1, "server_id": "5a2e0323-fd9b-4f57-87af-3df64731e80a", "source_ip": "::1"}
{"level": "INFO", "time": "2025-11-12 23:59:24,886", "log_msg": "Uploaded file lootintegrations-1.20.1-4.7.jar", "user_name": "admin", "user_id": 1, "server_id": "5a2e0323-fd9b-4f57-87af-3df64731e80a", "source_ip": "::1"}
{"level": "INFO", "time": "2025-11-12 23:59:24,890", "log_msg": "Uploaded file lootintegrations_vanilla-1.4.jar", "user_name": "admin", "user_id": 1, "server_id": "5a2e0323-fd9b-4f57-87af-3df64731e80a", "source_ip": "::1"}
{"level": "INFO", "time": "2025-11-12 23:59:24,921", "log_msg": "Uploaded file ironbookshelves-1.20.1-1.4.11-forge.jar", "user_name": "admin", "user_id": 1, "server_id": "5a2e0323-fd9b-4f57-87af-3df64731e80a", "source_ip": "::1"}
{"level": "INFO", "time": "2025-11-12 23:59:24,944", "log_msg": "Uploaded file essence_staffs-1.2.0-forge-1.20.1.jar", "user_name": "admin", "user_id": 1, "server_id": "5a2e0323-fd9b-4f57-87af-3df64731e80a", "source_ip": "::1"}
{"level": "INFO", "time": "2025-11-12 23:59:25,016", "log_msg": "Uploaded file torohealth-1.20-forge-5.jar", "user_name": "admin", "user_id": 1, "server_id": "5a2e0323-fd9b-4f57-87af-3df64731e80a", "source_ip": "::1"}
{"level": "INFO", "time": "2025-11-12 23:59:25,033", "log_msg": "Uploaded file appleskin-forge-mc1.20.1-2.5.1.jar", "user_name": "admin", "user_id": 1, "server_id": "5a2e0323-fd9b-4f57-87af-3df64731e80a", "source_ip": "::1"}
{"level": "INFO", "time": "2025-11-12 23:59:25,070", "log_msg": "Uploaded file DungeonsAriseSevenSeas-1.20.x-1.0.2-forge.jar", "user_name": "admin", "user_id": 1, "server_id": "5a2e0323-fd9b-4f57-87af-3df64731e80a", "source_ip": "::1"}
{"level": "INFO", "time": "2025-11-12 23:59:25,104", "log_msg": "Uploaded file melody_forge_1.0.3_MC_1.20.1-1.20.4.jar", "user_name": "admin", "user_id": 1, "server_id": "5a2e0323-fd9b-4f57-87af-3df64731e80a", "source_ip": "::1"}
{"level": "INFO", "time": "2025-11-12 23:59:25,256", "log_msg": "Uploaded file MouseTweaks-forge-mc1.20.1-2.25.1.jar", "user_name": "admin", "user_id": 1, "server_id": "5a2e0323-fd9b-4f57-87af-3df64731e80a", "source_ip": "::1"}
{"level": "INFO", "time": "2025-11-12 23:59:25,285", "log_msg": "Uploaded file expandability-9.0.4.jar", "user_name": "admin", "user_id": 1, "server_id": "5a2e0323-fd9b-4f57-87af-3df64731e80a", "source_ip": "::1"}
{"level": "INFO", "time": "2025-11-12 23:59:25,316", "log_msg": "Uploaded file ferritecore-6.0.1-forge.jar", "user_name": "admin", "user_id": 1, "server_id": "5a2e0323-fd9b-4f57-87af-3df64731e80a", "source_ip": "::1"}
{"level": "INFO", "time": "2025-11-12 23:59:25,484", "log_msg": "Uploaded file ironfurnaces-1.20.1-4.1.6.jar", "user_name": "admin", "user_id": 1, "server_id": "5a2e0323-fd9b-4f57-87af-3df64731e80a", "source_ip": "::1"}
{"level": "INFO", "time": "2025-11-12 23:59:25,609", "log_msg": "Uploaded file flerovium-forge-1.20.1-1.2.15-all.jar", "user_name": "admin", "user_id": 1, "server_id": "5a2e0323-fd9b-4f57-87af-3df64731e80a", "source_ip": "::1"}
{"level": "INFO", "time": "2025-11-12 23:59:25,658", "log_msg": "Uploaded file hexxit_gear-1.0.1.jar", "user_name": "admin", "user_id": 1, "server_id": "5a2e0323-fd9b-4f57-87af-3df64731e80a", "source_ip": "::1"}
{"level": "INFO", "time": "2025-11-12 23:59:25,758", "log_msg": "Uploaded file konkrete_forge_1.8.0_MC_1.20-1.20.1.jar", "user_name": "admin", "user_id": 1, "server_id": "5a2e0323-fd9b-4f57-87af-3df64731e80a", "source_ip": "::1"}
{"level": "INFO", "time": "2025-11-12 23:59:25,772", "log_msg": "Uploaded file mcwifipnp-1.7.6-1.20.1-forge.jar", "user_name": "admin", "user_id": 1, "server_id": "5a2e0323-fd9b-4f57-87af-3df64731e80a", "source_ip": "::1"}
{"level": "INFO", "time": "2025-11-12 23:59:25,790", "log_msg": "Uploaded file CloudBoots-1.20.1-3.0.0.jar", "user_name": "admin", "user_id": 1, "server_id": "5a2e0323-fd9b-4f57-87af-3df64731e80a", "source_ip": "::1"}
{"level": "INFO", "time": "2025-11-12 23:59:25,811", "log_msg": "Uploaded file cupboard-1.20.1-2.7.jar", "user_name": "admin", "user_id": 1, "server_id": "5a2e0323-fd9b-4f57-87af-3df64731e80a", "source_ip": "::1"}
{"level": "INFO", "time": "2025-11-12 23:59:25,952", "log_msg": "Uploaded file YungsApi-1.20-Forge-4.0.1.jar", "user_name": "admin", "user_id": 1, "server_id": "5a2e0323-fd9b-4f57-87af-3df64731e80a", "source_ip": "::1"}
{"level": "INFO", "time": "2025-11-12 23:59:25,998", "log_msg": "Uploaded file weaponmaster_ydm-forge-1.20.1-4.2.3.jar", "user_name": "admin", "user_id": 1, "server_id": "5a2e0323-fd9b-4f57-87af-3df64731e80a", "source_ip": "::1"}
{"level": "INFO", "time": "2025-11-12 23:59:26,069", "log_msg": "Uploaded file ImmediatelyFast-Forge-1.5.2+1.20.4.jar", "user_name": "admin", "user_id": 1, "server_id": "5a2e0323-fd9b-4f57-87af-3df64731e80a", "source_ip": "::1"}
{"level": "INFO", "time": "2025-11-12 23:59:26,121", "log_msg": "Uploaded file TinkersLevellingAddon-1.20.1-1.4.3.jar", "user_name": "admin", "user_id": 1, "server_id": "5a2e0323-fd9b-4f57-87af-3df64731e80a", "source_ip": "::1"}
{"level": "INFO", "time": "2025-11-12 23:59:26,306", "log_msg": "Uploaded file dldungeonsjbg-2.1.2-MC1.20.1.jar", "user_name": "admin", "user_id": 1, "server_id": "5a2e0323-fd9b-4f57-87af-3df64731e80a", "source_ip": "::1"}
{"level": "INFO", "time": "2025-11-12 23:59:26,380", "log_msg": "Uploaded file dungeons_enhanced-1.20.1-5.2.jar", "user_name": "admin", "user_id": 1, "server_id": "5a2e0323-fd9b-4f57-87af-3df64731e80a", "source_ip": "::1"}
{"level": "INFO", "time": "2025-11-12 23:59:26,428", "log_msg": "Uploaded file Capsule-1.20.1-8.0.105.jar", "user_name": "admin", "user_id": 1, "server_id": "5a2e0323-fd9b-4f57-87af-3df64731e80a", "source_ip": "::1"}
{"level": "INFO", "time": "2025-11-12 23:59:26,487", "log_msg": "Uploaded file curios-forge-5.12.0+1.20.1.jar", "user_name": "admin", "user_id": 1, "server_id": "5a2e0323-fd9b-4f57-87af-3df64731e80a", "source_ip": "::1"}
{"level": "INFO", "time": "2025-11-12 23:59:26,531", "log_msg": "Uploaded file inventoryhud.forge.1.20.1-3.4.26.jar", "user_name": "admin", "user_id": 1, "server_id": "5a2e0323-fd9b-4f57-87af-3df64731e80a", "source_ip": "::1"}
{"level": "INFO", "time": "2025-11-12 23:59:26,556", "log_msg": "Uploaded file AsgardShieldReloaded-1.20.1-0.2.jar", "user_name": "admin", "user_id": 1, "server_id": "5a2e0323-fd9b-4f57-87af-3df64731e80a", "source_ip": "::1"}
{"level": "INFO", "time": "2025-11-12 23:59:26,671", "log_msg": "Uploaded file Dungeon Crawl-1.20.1-2.3.15.jar", "user_name": "admin", "user_id": 1, "server_id": "5a2e0323-fd9b-4f57-87af-3df64731e80a", "source_ip": "::1"}
{"level": "INFO", "time": "2025-11-12 23:59:26,773", "log_msg": "Uploaded file lodestone-1.20.1-1.6.4.1.jar", "user_name": "admin", "user_id": 1, "server_id": "5a2e0323-fd9b-4f57-87af-3df64731e80a", "source_ip": "::1"}
{"level": "INFO", "time": "2025-11-12 23:59:26,980", "log_msg": "Uploaded file PuzzlesLib-v8.1.33-1.20.1-Forge.jar", "user_name": "admin", "user_id": 1, "server_id": "5a2e0323-fd9b-4f57-87af-3df64731e80a", "source_ip": "::1"}
{"level": "INFO", "time": "2025-11-12 23:59:27,118", "log_msg": "Uploaded file l2backpack-2.5.4.jar", "user_name": "admin", "user_id": 1, "server_id": "5a2e0323-fd9b-4f57-87af-3df64731e80a", "source_ip": "::1"}
{"level": "INFO", "time": "2025-11-12 23:59:27,208", "log_msg": "Uploaded file Corail-Backpack-1.20.1-185.jar", "user_name": "admin", "user_id": 1, "server_id": "5a2e0323-fd9b-4f57-87af-3df64731e80a", "source_ip": "::1"}
{"level": "INFO", "time": "2025-11-12 23:59:27,413", "log_msg": "Uploaded file YungsBetterDungeons-1.20-Forge-4.0.4.jar", "user_name": "admin", "user_id": 1, "server_id": "5a2e0323-fd9b-4f57-87af-3df64731e80a", "source_ip": "::1"}
{"level": "INFO", "time": "2025-11-12 23:59:27,685", "log_msg": "Uploaded file chococraft-1.20.1-forge-0.9.12.jar", "user_name": "admin", "user_id": 1, "server_id": "5a2e0323-fd9b-4f57-87af-3df64731e80a", "source_ip": "::1"}
{"level": "INFO", "time": "2025-11-12 23:59:27,940", "log_msg": "Uploaded file crust-1.20.1-4.7.14.jar", "user_name": "admin", "user_id": 1, "server_id": "5a2e0323-fd9b-4f57-87af-3df64731e80a", "source_ip": "::1"}
{"level": "INFO", "time": "2025-11-12 23:59:28,082", "log_msg": "Uploaded file structure_gel-1.20.1-2.16.2.jar", "user_name": "admin", "user_id": 1, "server_id": "5a2e0323-fd9b-4f57-87af-3df64731e80a", "source_ip": "::1"}
{"level": "INFO", "time": "2025-11-12 23:59:28,228", "log_msg": "Uploaded file XaerosWorldMap_1.39.12_Forge_1.20.jar", "user_name": "admin", "user_id": 1, "server_id": "5a2e0323-fd9b-4f57-87af-3df64731e80a", "source_ip": "::1"}
{"level": "INFO", "time": "2025-11-12 23:59:28,470", "log_msg": "Uploaded file radium-mc1.20.1-0.12.4+git.26c9d8e.jar", "user_name": "admin", "user_id": 1, "server_id": "5a2e0323-fd9b-4f57-87af-3df64731e80a", "source_ip": "::1"}
{"level": "INFO", "time": "2025-11-12 23:59:28,592", "log_msg": "Uploaded file modernfix-forge-5.24.4+mc1.20.1.jar", "user_name": "admin", "user_id": 1, "server_id": "5a2e0323-fd9b-4f57-87af-3df64731e80a", "source_ip": "::1"}
{"level": "INFO", "time": "2025-11-12 23:59:28,721", "log_msg": "Uploaded file memory_of_the_past-1.8.0-forge-1.20.1.jar", "user_name": "admin", "user_id": 1, "server_id": "5a2e0323-fd9b-4f57-87af-3df64731e80a", "source_ip": "::1"}
{"level": "INFO", "time": "2025-11-12 23:59:28,849", "log_msg": "Uploaded file l2library-2.5.3.jar", "user_name": "admin", "user_id": 1, "server_id": "5a2e0323-fd9b-4f57-87af-3df64731e80a", "source_ip": "::1"}
{"level": "INFO", "time": "2025-11-12 23:59:28,999", "log_msg": "Uploaded file geckolib-forge-1.20.1-4.7.4.jar", "user_name": "admin", "user_id": 1, "server_id": "5a2e0323-fd9b-4f57-87af-3df64731e80a", "source_ip": "::1"}
{"level": "INFO", "time": "2025-11-12 23:59:29,378", "log_msg": "Uploaded file cloth-config-11.1.136-forge.jar", "user_name": "admin", "user_id": 1, "server_id": "5a2e0323-fd9b-4f57-87af-3df64731e80a", "source_ip": "::1"}
{"level": "INFO", "time": "2025-11-12 23:59:29,519", "log_msg": "Uploaded file emi-1.1.22+1.20.1+forge.jar", "user_name": "admin", "user_id": 1, "server_id": "5a2e0323-fd9b-4f57-87af-3df64731e80a", "source_ip": "::1"}
{"level": "INFO", "time": "2025-11-12 23:59:29,669", "log_msg": "Uploaded file Zeta-1.0-30.jar", "user_name": "admin", "user_id": 1, "server_id": "5a2e0323-fd9b-4f57-87af-3df64731e80a", "source_ip": "::1"}
{"level": "INFO", "time": "2025-11-12 23:59:29,848", "log_msg": "Uploaded file PirateGunsV2_1.2.0.2.jar", "user_name": "admin", "user_id": 1, "server_id": "5a2e0323-fd9b-4f57-87af-3df64731e80a", "source_ip": "::1"}
{"level": "INFO", "time": "2025-11-12 23:59:29,910", "log_msg": "Uploaded file yet_another_config_lib_v3-3.6.6+1.20.1-forge.jar", "user_name": "admin", "user_id": 1, "server_id": "5a2e0323-fd9b-4f57-87af-3df64731e80a", "source_ip": "::1"}
{"level": "INFO", "time": "2025-11-12 23:59:30,529", "log_msg": "Uploaded file hexxit_additions-1.0.2-forge-1.20.1.jar", "user_name": "admin", "user_id": 1, "server_id": "5a2e0323-fd9b-4f57-87af-3df64731e80a", "source_ip": "::1"}
{"level": "INFO", "time": "2025-11-12 23:59:30,837", "log_msg": "Uploaded file Philips-Ruins1.20.1-5.5.jar", "user_name": "admin", "user_id": 1, "server_id": "5a2e0323-fd9b-4f57-87af-3df64731e80a", "source_ip": "::1"}
{"level": "INFO", "time": "2025-11-12 23:59:31,190", "log_msg": "Uploaded file alltheleaks-1.0.4+1.20.1-forge.jar", "user_name": "admin", "user_id": 1, "server_id": "5a2e0323-fd9b-4f57-87af-3df64731e80a", "source_ip": "::1"}
{"level": "INFO", "time": "2025-11-12 23:59:31,366", "log_msg": "Uploaded file embeddium-0.3.31+mc1.20.1.jar", "user_name": "admin", "user_id": 1, "server_id": "5a2e0323-fd9b-4f57-87af-3df64731e80a", "source_ip": "::1"}
{"level": "INFO", "time": "2025-11-12 23:59:31,682", "log_msg": "Uploaded file Mantle-1.20.1-1.11.79.jar", "user_name": "admin", "user_id": 1, "server_id": "5a2e0323-fd9b-4f57-87af-3df64731e80a", "source_ip": "::1"}
{"level": "INFO", "time": "2025-11-12 23:59:31,844", "log_msg": "Uploaded file servercore-forge-1.5.2+1.20.1.jar", "user_name": "admin", "user_id": 1, "server_id": "5a2e0323-fd9b-4f57-87af-3df64731e80a", "source_ip": "::1"}
{"level": "INFO", "time": "2025-11-12 23:59:32,005", "log_msg": "Uploaded file keebszs_battletowers_0.6.0-1.20.1BETA.jar", "user_name": "admin", "user_id": 1, "server_id": "5a2e0323-fd9b-4f57-87af-3df64731e80a", "source_ip": "::1"}
{"level": "INFO", "time": "2025-11-12 23:59:32,160", "log_msg": "Uploaded file exoticbirds-1.20.1-1.0.0.jar", "user_name": "admin", "user_id": 1, "server_id": "5a2e0323-fd9b-4f57-87af-3df64731e80a", "source_ip": "::1"}
{"level": "INFO", "time": "2025-11-12 23:59:32,449", "log_msg": "Uploaded file bettervillage-forge-1.20.1-3.2.0.jar", "user_name": "admin", "user_id": 1, "server_id": "5a2e0323-fd9b-4f57-87af-3df64731e80a", "source_ip": "::1"}
{"level": "INFO", "time": "2025-11-12 23:59:32,695", "log_msg": "Uploaded file Xaeros_Minimap_25.2.10_Forge_1.20.jar", "user_name": "admin", "user_id": 1, "server_id": "5a2e0323-fd9b-4f57-87af-3df64731e80a", "source_ip": "::1"}
{"level": "INFO", "time": "2025-11-12 23:59:33,546", "log_msg": "Uploaded file reliquary-1.20.1-2.0.54.1304.jar", "user_name": "admin", "user_id": 1, "server_id": "5a2e0323-fd9b-4f57-87af-3df64731e80a", "source_ip": "::1"}
{"level": "INFO", "time": "2025-11-12 23:59:34,204", "log_msg": "Uploaded file specialmobs-1.20.1-4.1.15.jar", "user_name": "admin", "user_id": 1, "server_id": "5a2e0323-fd9b-4f57-87af-3df64731e80a", "source_ip": "::1"}
{"level": "INFO", "time": "2025-11-12 23:59:34,670", "log_msg": "Uploaded file citadel-2.6.2-1.20.1.jar", "user_name": "admin", "user_id": 1, "server_id": "5a2e0323-fd9b-4f57-87af-3df64731e80a", "source_ip": "::1"}
{"level": "INFO", "time": "2025-11-12 23:59:35,240", "log_msg": "Uploaded file fancymenu_forge_3.7.0_MC_1.20.1.jar", "user_name": "admin", "user_id": 1, "server_id": "5a2e0323-fd9b-4f57-87af-3df64731e80a", "source_ip": "::1"}
{"level": "INFO", "time": "2025-11-12 23:59:35,596", "log_msg": "Uploaded file ATi Structures V1.4.3 (1.20+).jar", "user_name": "admin", "user_id": 1, "server_id": "5a2e0323-fd9b-4f57-87af-3df64731e80a", "source_ip": "::1"}
{"level": "INFO", "time": "2025-11-12 23:59:35,662", "log_msg": "Uploaded file simplefarming-1.20.1-2.1.6.jar", "user_name": "admin", "user_id": 1, "server_id": "5a2e0323-fd9b-4f57-87af-3df64731e80a", "source_ip": "::1"}
{"level": "INFO", "time": "2025-11-12 23:59:35,734", "log_msg": "Uploaded file oculus-mc1.20.1-1.8.0.jar", "user_name": "admin", "user_id": 1, "server_id": "5a2e0323-fd9b-4f57-87af-3df64731e80a", "source_ip": "::1"}
{"level": "INFO", "time": "2025-11-12 23:59:35,866", "log_msg": "Uploaded file modulargolems-2.6.9.jar", "user_name": "admin", "user_id": 1, "server_id": "5a2e0323-fd9b-4f57-87af-3df64731e80a", "source_ip": "::1"}
{"level": "INFO", "time": "2025-11-12 23:59:37,733", "log_msg": "Uploaded file Legendary Armory 1.20.1 1.4.8.jar", "user_name": "admin", "user_id": 1, "server_id": "5a2e0323-fd9b-4f57-87af-3df64731e80a", "source_ip": "::1"}
{"level": "INFO", "time": "2025-11-12 23:59:44,581", "log_msg": "Uploaded file Quark-4.0-462.jar", "user_name": "admin", "user_id": 1, "server_id": "5a2e0323-fd9b-4f57-87af-3df64731e80a", "source_ip": "::1"}
{"level": "INFO", "time": "2025-11-12 23:59:46,760", "log_msg": "Uploaded file dimdoors-5.4.4-1.20.1-forge.jar", "user_name": "admin", "user_id": 1, "server_id": "5a2e0323-fd9b-4f57-87af-3df64731e80a", "source_ip": "::1"}
{"level": "INFO", "time": "2025-11-13 00:00:00,796", "log_msg": "Uploaded file TConstruct-1.20.1-3.10.2.92.jar", "user_name": "admin", "user_id": 1, "server_id": "5a2e0323-fd9b-4f57-87af-3df64731e80a", "source_ip": "::1"}
{"level": "INFO", "time": "2025-11-13 00:00:01,879", "log_msg": "Uploaded file malum-1.20.1-1.6.6.jar", "user_name": "admin", "user_id": 1, "server_id": "5a2e0323-fd9b-4f57-87af-3df64731e80a", "source_ip": "::1"}
{"level": "INFO", "time": "2025-11-13 00:00:02,471", "log_msg": "Uploaded file twilightforest-1.20.1-4.3.2508-universal.jar", "user_name": "admin", "user_id": 1, "server_id": "5a2e0323-fd9b-4f57-87af-3df64731e80a", "source_ip": "::1"}
{"level": "INFO", "time": "2025-11-13 00:00:02,761", "log_msg": "Uploaded file mocreatures-1.20.1-1.0.0.jar", "user_name": "admin", "user_id": 1, "server_id": "5a2e0323-fd9b-4f57-87af-3df64731e80a", "source_ip": "::1"}
{"level": "INFO", "time": "2025-11-13 00:00:02,784", "log_msg": "Uploaded file even_more_magic_1.20.1(v.1.869).jar", "user_name": "admin", "user_id": 1, "server_id": "5a2e0323-fd9b-4f57-87af-3df64731e80a", "source_ip": "::1"}
{"level": "INFO", "time": "2025-11-13 00:01:11,659", "log_msg": "Uploaded file xaeromap.txt", "user_name": "admin", "user_id": 1, "server_id": "5a2e0323-fd9b-4f57-87af-3df64731e80a", "source_ip": "::1"}
{"level": "INFO", "time": "2025-11-13 00:01:11,663", "log_msg": "Uploaded file session.lock", "user_name": "admin", "user_id": 1, "server_id": "5a2e0323-fd9b-4f57-87af-3df64731e80a", "source_ip": "::1"}
{"level": "INFO", "time": "2025-11-13 00:01:11,750", "log_msg": "Uploaded file icon.png", "user_name": "admin", "user_id": 1, "server_id": "5a2e0323-fd9b-4f57-87af-3df64731e80a", "source_ip": "::1"}
{"level": "INFO", "time": "2025-11-13 00:01:12,394", "log_msg": "Uploaded file level.dat", "user_name": "admin", "user_id": 1, "server_id": "5a2e0323-fd9b-4f57-87af-3df64731e80a", "source_ip": "::1"}
{"level": "INFO", "time": "2025-11-13 00:01:12,565", "log_msg": "Uploaded file mcwifipnp.json", "user_name": "admin", "user_id": 1, "server_id": "5a2e0323-fd9b-4f57-87af-3df64731e80a", "source_ip": "::1"}
{"level": "INFO", "time": "2025-11-13 00:01:12,988", "log_msg": "Uploaded file level.dat_old", "user_name": "admin", "user_id": 1, "server_id": "5a2e0323-fd9b-4f57-87af-3df64731e80a", "source_ip": "::1"}
{"level": "INFO", "time": "2025-11-13 00:03:25,119", "log_msg": "issued command stop_server for server Hexxit-3.0 with ID: 5a2e0323-fd9b-4f57-87af-3df64731e80a", "user_name": "admin", "user_id": 1, "server_id": "5a2e0323-fd9b-4f57-87af-3df64731e80a", "source_ip": "10.241.0.36"}
{"level": "INFO", "time": "2025-11-13 00:03:56,932", "log_msg": "Uploaded file session.lock", "user_name": "admin", "user_id": 1, "server_id": "5a2e0323-fd9b-4f57-87af-3df64731e80a", "source_ip": "::1"}
{"level": "INFO", "time": "2025-11-13 00:03:56,956", "log_msg": "Uploaded file xaeromap.txt", "user_name": "admin", "user_id": 1, "server_id": "5a2e0323-fd9b-4f57-87af-3df64731e80a", "source_ip": "::1"}
{"level": "INFO", "time": "2025-11-13 00:03:56,960", "log_msg": "Uploaded file mcwifipnp.json", "user_name": "admin", "user_id": 1, "server_id": "5a2e0323-fd9b-4f57-87af-3df64731e80a", "source_ip": "::1"}
{"level": "INFO", "time": "2025-11-13 00:03:57,080", "log_msg": "Uploaded file icon.png", "user_name": "admin", "user_id": 1, "server_id": "5a2e0323-fd9b-4f57-87af-3df64731e80a", "source_ip": "::1"}
{"level": "INFO", "time": "2025-11-13 00:03:57,583", "log_msg": "Uploaded file level.dat_old", "user_name": "admin", "user_id": 1, "server_id": "5a2e0323-fd9b-4f57-87af-3df64731e80a", "source_ip": "::1"}
{"level": "INFO", "time": "2025-11-13 00:03:57,659", "log_msg": "Uploaded file level.dat", "user_name": "admin", "user_id": 1, "server_id": "5a2e0323-fd9b-4f57-87af-3df64731e80a", "source_ip": "::1"}
{"level": "INFO", "time": "2025-11-13 00:04:28,216", "log_msg": "Uploaded file capsuleData.dat", "user_name": "admin", "user_id": 1, "server_id": "5a2e0323-fd9b-4f57-87af-3df64731e80a", "source_ip": "::1"}
{"level": "INFO", "time": "2025-11-13 00:04:28,243", "log_msg": "Uploaded file mfix_strongholds.dat", "user_name": "admin", "user_id": 1, "server_id": "5a2e0323-fd9b-4f57-87af-3df64731e80a", "source_ip": "::1"}
{"level": "INFO", "time": "2025-11-13 00:04:28,248", "log_msg": "Uploaded file mocreatures.dat", "user_name": "admin", "user_id": 1, "server_id": "5a2e0323-fd9b-4f57-87af-3df64731e80a", "source_ip": "::1"}
{"level": "INFO", "time": "2025-11-13 00:04:28,255", "log_msg": "Uploaded file citadel_world_data.dat", "user_name": "admin", "user_id": 1, "server_id": "5a2e0323-fd9b-4f57-87af-3df64731e80a", "source_ip": "::1"}
{"level": "INFO", "time": "2025-11-13 00:04:28,259", "log_msg": "Uploaded file even_more_magic_worldvars.dat", "user_name": "admin", "user_id": 1, "server_id": "5a2e0323-fd9b-4f57-87af-3df64731e80a", "source_ip": "::1"}
{"level": "INFO", "time": "2025-11-13 00:04:28,262", "log_msg": "Uploaded file raids.dat", "user_name": "admin", "user_id": 1, "server_id": "5a2e0323-fd9b-4f57-87af-3df64731e80a", "source_ip": "::1"}
{"level": "INFO", "time": "2025-11-13 00:04:28,267", "log_msg": "Uploaded file capabilities.dat", "user_name": "admin", "user_id": 1, "server_id": "5a2e0323-fd9b-4f57-87af-3df64731e80a", "source_ip": "::1"}
{"level": "INFO", "time": "2025-11-13 00:04:28,273", "log_msg": "Uploaded file random_sequences.dat", "user_name": "admin", "user_id": 1, "server_id": "5a2e0323-fd9b-4f57-87af-3df64731e80a", "source_ip": "::1"}
{"level": "INFO", "time": "2025-11-13 00:04:28,277", "log_msg": "Uploaded file scoreboard.dat", "user_name": "admin", "user_id": 1, "server_id": "5a2e0323-fd9b-4f57-87af-3df64731e80a", "source_ip": "::1"}
{"level": "INFO", "time": "2025-11-13 00:05:15,800", "log_msg": "Uploaded file raids.dat", "user_name": "admin", "user_id": 1, "server_id": "5a2e0323-fd9b-4f57-87af-3df64731e80a", "source_ip": "::1"}
{"level": "INFO", "time": "2025-11-13 00:05:16,126", "log_msg": "Uploaded file capabilities.dat", "user_name": "admin", "user_id": 1, "server_id": "5a2e0323-fd9b-4f57-87af-3df64731e80a", "source_ip": "::1"}
{"level": "INFO", "time": "2025-11-13 00:05:39,069", "log_msg": "Uploaded file raids_end.dat", "user_name": "admin", "user_id": 1, "server_id": "5a2e0323-fd9b-4f57-87af-3df64731e80a", "source_ip": "::1"}
{"level": "INFO", "time": "2025-11-13 00:05:39,096", "log_msg": "Uploaded file capabilities.dat", "user_name": "admin", "user_id": 1, "server_id": "5a2e0323-fd9b-4f57-87af-3df64731e80a", "source_ip": "::1"}
{"level": "INFO", "time": "2025-11-13 00:06:01,394", "log_msg": "Uploaded file r.-1.1.mca", "user_name": "admin", "user_id": 1, "server_id": "5a2e0323-fd9b-4f57-87af-3df64731e80a", "source_ip": "::1"}
{"level": "INFO", "time": "2025-11-13 00:06:01,467", "log_msg": "Uploaded file r.1.0.mca", "user_name": "admin", "user_id": 1, "server_id": "5a2e0323-fd9b-4f57-87af-3df64731e80a", "source_ip": "::1"}
{"level": "INFO", "time": "2025-11-13 00:06:01,481", "log_msg": "Uploaded file r.1.-1.mca", "user_name": "admin", "user_id": 1, "server_id": "5a2e0323-fd9b-4f57-87af-3df64731e80a", "source_ip": "::1"}
{"level": "INFO", "time": "2025-11-13 00:06:01,522", "log_msg": "Uploaded file r.0.1.mca", "user_name": "admin", "user_id": 1, "server_id": "5a2e0323-fd9b-4f57-87af-3df64731e80a", "source_ip": "::1"}
{"level": "INFO", "time": "2025-11-13 00:06:02,542", "log_msg": "Uploaded file r.0.-1.mca", "user_name": "admin", "user_id": 1, "server_id": "5a2e0323-fd9b-4f57-87af-3df64731e80a", "source_ip": "::1"}
{"level": "INFO", "time": "2025-11-13 00:06:02,758", "log_msg": "Uploaded file r.-1.-1.mca", "user_name": "admin", "user_id": 1, "server_id": "5a2e0323-fd9b-4f57-87af-3df64731e80a", "source_ip": "::1"}
{"level": "INFO", "time": "2025-11-13 00:06:03,078", "log_msg": "Uploaded file r.-1.0.mca", "user_name": "admin", "user_id": 1, "server_id": "5a2e0323-fd9b-4f57-87af-3df64731e80a", "source_ip": "::1"}
{"level": "INFO", "time": "2025-11-13 00:06:03,182", "log_msg": "Uploaded file r.0.0.mca", "user_name": "admin", "user_id": 1, "server_id": "5a2e0323-fd9b-4f57-87af-3df64731e80a", "source_ip": "::1"}
{"level": "INFO", "time": "2025-11-13 00:06:29,546", "log_msg": "Uploaded file c6124413-2d5d-49d0-ac23-c7d2231670b2.dat", "user_name": "admin", "user_id": 1, "server_id": "5a2e0323-fd9b-4f57-87af-3df64731e80a", "source_ip": "::1"}
{"level": "INFO", "time": "2025-11-13 00:06:29,567", "log_msg": "Uploaded file c6124413-2d5d-49d0-ac23-c7d2231670b2.dat_old", "user_name": "admin", "user_id": 1, "server_id": "5a2e0323-fd9b-4f57-87af-3df64731e80a", "source_ip": "::1"}
{"level": "INFO", "time": "2025-11-13 00:06:49,638", "log_msg": "Uploaded file r.-1.1.mca", "user_name": "admin", "user_id": 1, "server_id": "5a2e0323-fd9b-4f57-87af-3df64731e80a", "source_ip": "::1"}
{"level": "INFO", "time": "2025-11-13 00:06:49,723", "log_msg": "Uploaded file r.0.-1.mca", "user_name": "admin", "user_id": 1, "server_id": "5a2e0323-fd9b-4f57-87af-3df64731e80a", "source_ip": "::1"}
{"level": "INFO", "time": "2025-11-13 00:06:49,909", "log_msg": "Uploaded file r.-1.0.mca", "user_name": "admin", "user_id": 1, "server_id": "5a2e0323-fd9b-4f57-87af-3df64731e80a", "source_ip": "::1"}
{"level": "INFO", "time": "2025-11-13 00:06:50,151", "log_msg": "Uploaded file r.-1.-1.mca", "user_name": "admin", "user_id": 1, "server_id": "5a2e0323-fd9b-4f57-87af-3df64731e80a", "source_ip": "::1"}
{"level": "INFO", "time": "2025-11-13 00:06:50,293", "log_msg": "Uploaded file r.0.0.mca", "user_name": "admin", "user_id": 1, "server_id": "5a2e0323-fd9b-4f57-87af-3df64731e80a", "source_ip": "::1"}
{"level": "INFO", "time": "2025-11-13 00:07:14,469", "log_msg": "Uploaded file r.-2.-2.mca", "user_name": "admin", "user_id": 1, "server_id": "5a2e0323-fd9b-4f57-87af-3df64731e80a", "source_ip": "::1"}
{"level": "INFO", "time": "2025-11-13 00:07:14,945", "log_msg": "Uploaded file r.1.-2.mca", "user_name": "admin", "user_id": 1, "server_id": "5a2e0323-fd9b-4f57-87af-3df64731e80a", "source_ip": "::1"}
{"level": "INFO", "time": "2025-11-13 00:07:15,020", "log_msg": "Uploaded file r.-2.1.mca", "user_name": "admin", "user_id": 1, "server_id": "5a2e0323-fd9b-4f57-87af-3df64731e80a", "source_ip": "::1"}
{"level": "INFO", "time": "2025-11-13 00:07:15,794", "log_msg": "Uploaded file r.-1.-2.mca", "user_name": "admin", "user_id": 1, "server_id": "5a2e0323-fd9b-4f57-87af-3df64731e80a", "source_ip": "::1"}
{"level": "INFO", "time": "2025-11-13 00:07:16,186", "log_msg": "Uploaded file r.-2.-1.mca", "user_name": "admin", "user_id": 1, "server_id": "5a2e0323-fd9b-4f57-87af-3df64731e80a", "source_ip": "::1"}
{"level": "INFO", "time": "2025-11-13 00:07:16,565", "log_msg": "Uploaded file r.0.-2.mca", "user_name": "admin", "user_id": 1, "server_id": "5a2e0323-fd9b-4f57-87af-3df64731e80a", "source_ip": "::1"}
{"level": "INFO", "time": "2025-11-13 00:07:16,614", "log_msg": "Uploaded file r.1.1.mca", "user_name": "admin", "user_id": 1, "server_id": "5a2e0323-fd9b-4f57-87af-3df64731e80a", "source_ip": "::1"}
{"level": "INFO", "time": "2025-11-13 00:07:16,762", "log_msg": "Uploaded file r.-2.0.mca", "user_name": "admin", "user_id": 1, "server_id": "5a2e0323-fd9b-4f57-87af-3df64731e80a", "source_ip": "::1"}
{"level": "INFO", "time": "2025-11-13 00:07:21,405", "log_msg": "Uploaded file r.-1.1.mca", "user_name": "admin", "user_id": 1, "server_id": "5a2e0323-fd9b-4f57-87af-3df64731e80a", "source_ip": "::1"}
{"level": "INFO", "time": "2025-11-13 00:07:21,825", "log_msg": "Uploaded file r.0.1.mca", "user_name": "admin", "user_id": 1, "server_id": "5a2e0323-fd9b-4f57-87af-3df64731e80a", "source_ip": "::1"}
{"level": "INFO", "time": "2025-11-13 00:07:22,093", "log_msg": "Uploaded file r.1.-1.mca", "user_name": "admin", "user_id": 1, "server_id": "5a2e0323-fd9b-4f57-87af-3df64731e80a", "source_ip": "::1"}
{"level": "INFO", "time": "2025-11-13 00:07:22,192", "log_msg": "Uploaded file r.1.0.mca", "user_name": "admin", "user_id": 1, "server_id": "5a2e0323-fd9b-4f57-87af-3df64731e80a", "source_ip": "::1"}
{"level": "INFO", "time": "2025-11-13 00:07:33,221", "log_msg": "Uploaded file r.-1.0.mca", "user_name": "admin", "user_id": 1, "server_id": "5a2e0323-fd9b-4f57-87af-3df64731e80a", "source_ip": "::1"}
{"level": "INFO", "time": "2025-11-13 00:07:35,197", "log_msg": "Uploaded file r.0.0.mca", "user_name": "admin", "user_id": 1, "server_id": "5a2e0323-fd9b-4f57-87af-3df64731e80a", "source_ip": "::1"}
{"level": "INFO", "time": "2025-11-13 00:07:35,373", "log_msg": "Uploaded file r.0.-1.mca", "user_name": "admin", "user_id": 1, "server_id": "5a2e0323-fd9b-4f57-87af-3df64731e80a", "source_ip": "::1"}
{"level": "INFO", "time": "2025-11-13 00:07:36,159", "log_msg": "Uploaded file r.-1.-1.mca", "user_name": "admin", "user_id": 1, "server_id": "5a2e0323-fd9b-4f57-87af-3df64731e80a", "source_ip": "::1"}
{"level": "INFO", "time": "2025-11-13 00:08:07,783", "log_msg": "Uploaded file curios-server.toml", "user_name": "admin", "user_id": 1, "server_id": "5a2e0323-fd9b-4f57-87af-3df64731e80a", "source_ip": "::1"}
{"level": "INFO", "time": "2025-11-13 00:08:07,789", "log_msg": "Uploaded file mantle-server.toml", "user_name": "admin", "user_id": 1, "server_id": "5a2e0323-fd9b-4f57-87af-3df64731e80a", "source_ip": "::1"}
{"level": "INFO", "time": "2025-11-13 00:08:07,838", "log_msg": "Uploaded file jgpg-server.toml", "user_name": "admin", "user_id": 1, "server_id": "5a2e0323-fd9b-4f57-87af-3df64731e80a", "source_ip": "::1"}
{"level": "INFO", "time": "2025-11-13 00:08:07,892", "log_msg": "Uploaded file forge-server.toml", "user_name": "admin", "user_id": 1, "server_id": "5a2e0323-fd9b-4f57-87af-3df64731e80a", "source_ip": "::1"}
{"level": "INFO", "time": "2025-11-13 00:08:07,928", "log_msg": "Uploaded file tinkerslevellingaddon-server.toml", "user_name": "admin", "user_id": 1, "server_id": "5a2e0323-fd9b-4f57-87af-3df64731e80a", "source_ip": "::1"}
{"level": "INFO", "time": "2025-11-13 00:08:08,667", "log_msg": "Uploaded file corail_backpack-server.toml", "user_name": "admin", "user_id": 1, "server_id": "5a2e0323-fd9b-4f57-87af-3df64731e80a", "source_ip": "::1"}
{"level": "INFO", "time": "2025-11-13 00:10:11,086", "log_msg": "Uploaded file c-thorfinn-config_capsule_starters__stater_darkoak_hut-0.nbt", "user_name": "admin", "user_id": 1, "server_id": "5a2e0323-fd9b-4f57-87af-3df64731e80a", "source_ip": "::1"}
{"level": "INFO", "time": "2025-11-13 00:10:26,557", "log_msg": "Uploaded file c6124413-2d5d-49d0-ac23-c7d2231670b2.json", "user_name": "admin", "user_id": 1, "server_id": "5a2e0323-fd9b-4f57-87af-3df64731e80a", "source_ip": "::1"}
{"level": "INFO", "time": "2025-11-13 00:14:22,682", "log_msg": "Uploaded file c6124413-2d5d-49d0-ac23-c7d2231670b2.json", "user_name": "admin", "user_id": 1, "server_id": "5a2e0323-fd9b-4f57-87af-3df64731e80a", "source_ip": "::1"}
{"level": "INFO", "time": "2025-11-13 00:14:36,217", "log_msg": "Uploaded file c-thorfinn-config_capsule_starters__stater_darkoak_hut-0.nbt", "user_name": "admin", "user_id": 1, "server_id": "5a2e0323-fd9b-4f57-87af-3df64731e80a", "source_ip": "::1"}
{"level": "INFO", "time": "2025-11-13 00:16:32,777", "log_msg": "issued command start_server for server Hexxit-3.0 with ID: 5a2e0323-fd9b-4f57-87af-3df64731e80a", "user_name": "admin", "user_id": 1, "server_id": "5a2e0323-fd9b-4f57-87af-3df64731e80a", "source_ip": "10.241.0.36"}
{"level": "INFO", "time": "2025-11-13 01:06:39,219", "log_msg": "issued command restart_server for server Hexxit-3.0 with ID: 5a2e0323-fd9b-4f57-87af-3df64731e80a", "user_name": "admin", "user_id": 1, "server_id": "5a2e0323-fd9b-4f57-87af-3df64731e80a", "source_ip": "10.241.0.36"}
{"level": "INFO", "time": "2025-11-13 01:34:46,002", "log_msg": "issued command start_server for server Hexxit-3.0 with ID: 5a2e0323-fd9b-4f57-87af-3df64731e80a", "user_name": "admin", "user_id": 1, "server_id": "5a2e0323-fd9b-4f57-87af-3df64731e80a", "source_ip": "10.241.0.36"}
{"level": "INFO", "time": "2025-11-13 01:41:05,411", "log_msg": "created server Westeros (ID: 4c25d769-766d-4ffd-8d06-7982c0ffec05) (UUID: 4c25d769-766d-4ffd-8d06-7982c0ffec05)", "user_name": "admin", "user_id": 1, "server_id": "4c25d769-766d-4ffd-8d06-7982c0ffec05", "source_ip": "10.241.0.36"}
{"level": "INFO", "time": "2025-11-13 01:42:51,526", "log_msg": "issued command start_server for server Westeros with ID: 4c25d769-766d-4ffd-8d06-7982c0ffec05", "user_name": "admin", "user_id": 1, "server_id": "4c25d769-766d-4ffd-8d06-7982c0ffec05", "source_ip": "10.241.0.36"}
{"level": "INFO", "time": "2025-11-13 01:46:40,383", "log_msg": "Uploaded file lootintegrations-1.20.1-4.7.jar", "user_name": "admin", "user_id": 1, "server_id": "4c25d769-766d-4ffd-8d06-7982c0ffec05", "source_ip": "::1"}
{"level": "INFO", "time": "2025-11-13 01:46:40,387", "log_msg": "Uploaded file gpumemleakfix-1.20.1-1.8.jar", "user_name": "admin", "user_id": 1, "server_id": "4c25d769-766d-4ffd-8d06-7982c0ffec05", "source_ip": "::1"}
{"level": "INFO", "time": "2025-11-13 01:46:40,391", "log_msg": "Uploaded file cupboard-1.20.1-2.7.jar", "user_name": "admin", "user_id": 1, "server_id": "4c25d769-766d-4ffd-8d06-7982c0ffec05", "source_ip": "::1"}
{"level": "INFO", "time": "2025-11-13 01:46:40,395", "log_msg": "Uploaded file CloudBoots-1.20.1-3.0.0.jar", "user_name": "admin", "user_id": 1, "server_id": "4c25d769-766d-4ffd-8d06-7982c0ffec05", "source_ip": "::1"}
{"level": "INFO", "time": "2025-11-13 01:46:40,399", "log_msg": "Uploaded file ferritecore-6.0.1-forge.jar", "user_name": "admin", "user_id": 1, "server_id": "4c25d769-766d-4ffd-8d06-7982c0ffec05", "source_ip": "::1"}
{"level": "INFO", "time": "2025-11-13 01:46:40,406", "log_msg": "Uploaded file melody_forge_1.0.3_MC_1.20.1-1.20.4.jar", "user_name": "admin", "user_id": 1, "server_id": "4c25d769-766d-4ffd-8d06-7982c0ffec05", "source_ip": "::1"}
{"level": "INFO", "time": "2025-11-13 01:46:40,408", "log_msg": "Uploaded file lootintegrations_vanilla-1.4.jar", "user_name": "admin", "user_id": 1, "server_id": "4c25d769-766d-4ffd-8d06-7982c0ffec05", "source_ip": "::1"}
{"level": "INFO", "time": "2025-11-13 01:46:40,414", "log_msg": "Uploaded file immersive_optimization-forge-1.20.1-0.1.0.jar", "user_name": "admin", "user_id": 1, "server_id": "4c25d769-766d-4ffd-8d06-7982c0ffec05", "source_ip": "::1"}
{"level": "INFO", "time": "2025-11-13 01:46:40,417", "log_msg": "Uploaded file ironbookshelves-1.20.1-1.4.11-forge.jar", "user_name": "admin", "user_id": 1, "server_id": "4c25d769-766d-4ffd-8d06-7982c0ffec05", "source_ip": "::1"}
{"level": "INFO", "time": "2025-11-13 01:46:40,421", "log_msg": "Uploaded file battle_towers-1.4-forge-1.20.1.jar", "user_name": "admin", "user_id": 1, "server_id": "4c25d769-766d-4ffd-8d06-7982c0ffec05", "source_ip": "::1"}
{"level": "INFO", "time": "2025-11-13 01:46:40,427", "log_msg": "Uploaded file armordamagescale-1.20.1-3.1.jar", "user_name": "admin", "user_id": 1, "server_id": "4c25d769-766d-4ffd-8d06-7982c0ffec05", "source_ip": "::1"}
{"level": "INFO", "time": "2025-11-13 01:46:40,440", "log_msg": "Uploaded file essence_staffs-1.2.0-forge-1.20.1.jar", "user_name": "admin", "user_id": 1, "server_id": "4c25d769-766d-4ffd-8d06-7982c0ffec05", "source_ip": "::1"}
{"level": "INFO", "time": "2025-11-13 01:46:40,448", "log_msg": "Uploaded file dynamiclights-1.20.1.2.jar", "user_name": "admin", "user_id": 1, "server_id": "4c25d769-766d-4ffd-8d06-7982c0ffec05", "source_ip": "::1"}
{"level": "INFO", "time": "2025-11-13 01:46:40,454", "log_msg": "Uploaded file DungeonsAriseSevenSeas-1.20.x-1.0.2-forge.jar", "user_name": "admin", "user_id": 1, "server_id": "4c25d769-766d-4ffd-8d06-7982c0ffec05", "source_ip": "::1"}
{"level": "INFO", "time": "2025-11-13 01:46:40,499", "log_msg": "Uploaded file hexxit_gear-1.0.1.jar", "user_name": "admin", "user_id": 1, "server_id": "4c25d769-766d-4ffd-8d06-7982c0ffec05", "source_ip": "::1"}
{"level": "INFO", "time": "2025-11-13 01:46:40,540", "log_msg": "Uploaded file gnetum-2.1.3.jar", "user_name": "admin", "user_id": 1, "server_id": "4c25d769-766d-4ffd-8d06-7982c0ffec05", "source_ip": "::1"}
{"level": "INFO", "time": "2025-11-13 01:46:40,545", "log_msg": "Uploaded file appleskin-forge-mc1.20.1-2.5.1.jar", "user_name": "admin", "user_id": 1, "server_id": "4c25d769-766d-4ffd-8d06-7982c0ffec05", "source_ip": "::1"}
{"level": "INFO", "time": "2025-11-13 01:46:40,602", "log_msg": "Uploaded file curios-forge-5.12.0+1.20.1.jar", "user_name": "admin", "user_id": 1, "server_id": "4c25d769-766d-4ffd-8d06-7982c0ffec05", "source_ip": "::1"}
{"level": "INFO", "time": "2025-11-13 01:46:40,651", "log_msg": "Uploaded file QuarkOddities-1.20.1.jar", "user_name": "admin", "user_id": 1, "server_id": "4c25d769-766d-4ffd-8d06-7982c0ffec05", "source_ip": "::1"}
{"level": "INFO", "time": "2025-11-13 01:46:40,655", "log_msg": "Uploaded file flerovium-forge-1.20.1-1.2.15-all.jar", "user_name": "admin", "user_id": 1, "server_id": "4c25d769-766d-4ffd-8d06-7982c0ffec05", "source_ip": "::1"}
{"level": "INFO", "time": "2025-11-13 01:46:40,677", "log_msg": "Uploaded file AsgardShieldReloaded-1.20.1-0.2.jar", "user_name": "admin", "user_id": 1, "server_id": "4c25d769-766d-4ffd-8d06-7982c0ffec05", "source_ip": "::1"}
{"level": "INFO", "time": "2025-11-13 01:46:40,700", "log_msg": "Uploaded file torohealth-1.20-forge-5.jar", "user_name": "admin", "user_id": 1, "server_id": "4c25d769-766d-4ffd-8d06-7982c0ffec05", "source_ip": "::1"}
{"level": "INFO", "time": "2025-11-13 01:46:40,793", "log_msg": "Uploaded file architectury-9.2.14-forge.jar", "user_name": "admin", "user_id": 1, "server_id": "4c25d769-766d-4ffd-8d06-7982c0ffec05", "source_ip": "::1"}
{"level": "INFO", "time": "2025-11-13 01:46:40,823", "log_msg": "Uploaded file libraryferret-forge-1.20.1-4.0.0.jar", "user_name": "admin", "user_id": 1, "server_id": "4c25d769-766d-4ffd-8d06-7982c0ffec05", "source_ip": "::1"}
{"level": "INFO", "time": "2025-11-13 01:46:40,892", "log_msg": "Uploaded file awesomedungeon-forge-1.20.1-3.2.0.jar", "user_name": "admin", "user_id": 1, "server_id": "4c25d769-766d-4ffd-8d06-7982c0ffec05", "source_ip": "::1"}
{"level": "INFO", "time": "2025-11-13 01:46:40,938", "log_msg": "Uploaded file ironchest-1.20.1-14.4.4.jar", "user_name": "admin", "user_id": 1, "server_id": "4c25d769-766d-4ffd-8d06-7982c0ffec05", "source_ip": "::1"}
{"level": "INFO", "time": "2025-11-13 01:46:40,990", "log_msg": "Uploaded file YungsApi-1.20-Forge-4.0.1.jar", "user_name": "admin", "user_id": 1, "server_id": "4c25d769-766d-4ffd-8d06-7982c0ffec05", "source_ip": "::1"}
{"level": "INFO", "time": "2025-11-13 01:46:41,032", "log_msg": "Uploaded file inventoryhud.forge.1.20.1-3.4.26.jar", "user_name": "admin", "user_id": 1, "server_id": "4c25d769-766d-4ffd-8d06-7982c0ffec05", "source_ip": "::1"}
{"level": "INFO", "time": "2025-11-13 01:46:41,049", "log_msg": "Uploaded file mcwifipnp-1.7.6-1.20.1-forge.jar", "user_name": "admin", "user_id": 1, "server_id": "4c25d769-766d-4ffd-8d06-7982c0ffec05", "source_ip": "::1"}
{"level": "INFO", "time": "2025-11-13 01:46:41,140", "log_msg": "Uploaded file ironfurnaces-1.20.1-4.1.6.jar", "user_name": "admin", "user_id": 1, "server_id": "4c25d769-766d-4ffd-8d06-7982c0ffec05", "source_ip": "::1"}
{"level": "INFO", "time": "2025-11-13 01:46:41,230", "log_msg": "Uploaded file Corail-Backpack-1.20.1-185.jar", "user_name": "admin", "user_id": 1, "server_id": "4c25d769-766d-4ffd-8d06-7982c0ffec05", "source_ip": "::1"}
{"level": "INFO", "time": "2025-11-13 01:46:41,244", "log_msg": "Uploaded file MouseTweaks-forge-mc1.20.1-2.25.1.jar", "user_name": "admin", "user_id": 1, "server_id": "4c25d769-766d-4ffd-8d06-7982c0ffec05", "source_ip": "::1"}
{"level": "INFO", "time": "2025-11-13 01:46:41,264", "log_msg": "Uploaded file expandability-9.0.4.jar", "user_name": "admin", "user_id": 1, "server_id": "4c25d769-766d-4ffd-8d06-7982c0ffec05", "source_ip": "::1"}
{"level": "INFO", "time": "2025-11-13 01:46:41,361", "log_msg": "Uploaded file konkrete_forge_1.8.0_MC_1.20-1.20.1.jar", "user_name": "admin", "user_id": 1, "server_id": "4c25d769-766d-4ffd-8d06-7982c0ffec05", "source_ip": "::1"}
{"level": "INFO", "time": "2025-11-13 01:46:41,574", "log_msg": "Uploaded file dldungeonsjbg-2.1.2-MC1.20.1.jar", "user_name": "admin", "user_id": 1, "server_id": "4c25d769-766d-4ffd-8d06-7982c0ffec05", "source_ip": "::1"}
{"level": "INFO", "time": "2025-11-13 01:46:41,607", "log_msg": "Uploaded file FallingTree-1.20.1-4.3.4.jar", "user_name": "admin", "user_id": 1, "server_id": "4c25d769-766d-4ffd-8d06-7982c0ffec05", "source_ip": "::1"}
{"level": "INFO", "time": "2025-11-13 01:46:41,659", "log_msg": "Uploaded file TinkersLevellingAddon-1.20.1-1.4.3.jar", "user_name": "admin", "user_id": 1, "server_id": "4c25d769-766d-4ffd-8d06-7982c0ffec05", "source_ip": "::1"}
{"level": "INFO", "time": "2025-11-13 01:46:41,794", "log_msg": "Uploaded file l2backpack-2.5.4.jar", "user_name": "admin", "user_id": 1, "server_id": "4c25d769-766d-4ffd-8d06-7982c0ffec05", "source_ip": "::1"}
{"level": "INFO", "time": "2025-11-13 01:46:41,815", "log_msg": "Uploaded file jauml-1.0.4b-forge-1.20.1.jar", "user_name": "admin", "user_id": 1, "server_id": "4c25d769-766d-4ffd-8d06-7982c0ffec05", "source_ip": "::1"}
{"level": "INFO", "time": "2025-11-13 01:46:41,991", "log_msg": "Uploaded file weaponmaster_ydm-forge-1.20.1-4.2.3.jar", "user_name": "admin", "user_id": 1, "server_id": "4c25d769-766d-4ffd-8d06-7982c0ffec05", "source_ip": "::1"}
{"level": "INFO", "time": "2025-11-13 01:46:41,997", "log_msg": "Uploaded file Capsule-1.20.1-8.0.105.jar", "user_name": "admin", "user_id": 1, "server_id": "4c25d769-766d-4ffd-8d06-7982c0ffec05", "source_ip": "::1"}
{"level": "INFO", "time": "2025-11-13 01:46:42,245", "log_msg": "Uploaded file chococraft-1.20.1-forge-0.9.12.jar", "user_name": "admin", "user_id": 1, "server_id": "4c25d769-766d-4ffd-8d06-7982c0ffec05", "source_ip": "::1"}
{"level": "INFO", "time": "2025-11-13 01:46:42,567", "log_msg": "Uploaded file PirateGunsV2_1.2.0.2.jar", "user_name": "admin", "user_id": 1, "server_id": "4c25d769-766d-4ffd-8d06-7982c0ffec05", "source_ip": "::1"}
{"level": "INFO", "time": "2025-11-13 01:46:42,594", "log_msg": "Uploaded file cloth-config-11.1.136-forge.jar", "user_name": "admin", "user_id": 1, "server_id": "4c25d769-766d-4ffd-8d06-7982c0ffec05", "source_ip": "::1"}
{"level": "INFO", "time": "2025-11-13 01:46:42,818", "log_msg": "Uploaded file ImmediatelyFast-Forge-1.5.2+1.20.4.jar", "user_name": "admin", "user_id": 1, "server_id": "4c25d769-766d-4ffd-8d06-7982c0ffec05", "source_ip": "::1"}
{"level": "INFO", "time": "2025-11-13 01:46:42,826", "log_msg": "Uploaded file XaerosWorldMap_1.39.12_Forge_1.20.jar", "user_name": "admin", "user_id": 1, "server_id": "4c25d769-766d-4ffd-8d06-7982c0ffec05", "source_ip": "::1"}
{"level": "INFO", "time": "2025-11-13 01:46:42,843", "log_msg": "Uploaded file Zeta-1.0-30.jar", "user_name": "admin", "user_id": 1, "server_id": "4c25d769-766d-4ffd-8d06-7982c0ffec05", "source_ip": "::1"}
{"level": "INFO", "time": "2025-11-13 01:46:42,865", "log_msg": "Uploaded file alltheleaks-1.0.4+1.20.1-forge.jar", "user_name": "admin", "user_id": 1, "server_id": "4c25d769-766d-4ffd-8d06-7982c0ffec05", "source_ip": "::1"}
{"level": "INFO", "time": "2025-11-13 01:46:43,165", "log_msg": "Uploaded file YungsBetterDungeons-1.20-Forge-4.0.4.jar", "user_name": "admin", "user_id": 1, "server_id": "4c25d769-766d-4ffd-8d06-7982c0ffec05", "source_ip": "::1"}
{"level": "INFO", "time": "2025-11-13 01:46:43,438", "log_msg": "Uploaded file Dungeon Crawl-1.20.1-2.3.15.jar", "user_name": "admin", "user_id": 1, "server_id": "4c25d769-766d-4ffd-8d06-7982c0ffec05", "source_ip": "::1"}
{"level": "INFO", "time": "2025-11-13 01:46:43,444", "log_msg": "Uploaded file lodestone-1.20.1-1.6.4.1.jar", "user_name": "admin", "user_id": 1, "server_id": "4c25d769-766d-4ffd-8d06-7982c0ffec05", "source_ip": "::1"}
{"level": "INFO", "time": "2025-11-13 01:46:43,449", "log_msg": "Uploaded file radium-mc1.20.1-0.12.4+git.26c9d8e.jar", "user_name": "admin", "user_id": 1, "server_id": "4c25d769-766d-4ffd-8d06-7982c0ffec05", "source_ip": "::1"}
{"level": "INFO", "time": "2025-11-13 01:46:43,918", "log_msg": "Uploaded file geckolib-forge-1.20.1-4.7.4.jar", "user_name": "admin", "user_id": 1, "server_id": "4c25d769-766d-4ffd-8d06-7982c0ffec05", "source_ip": "::1"}
{"level": "INFO", "time": "2025-11-13 01:46:44,153", "log_msg": "Uploaded file structure_gel-1.20.1-2.16.2.jar", "user_name": "admin", "user_id": 1, "server_id": "4c25d769-766d-4ffd-8d06-7982c0ffec05", "source_ip": "::1"}
{"level": "INFO", "time": "2025-11-13 01:46:44,172", "log_msg": "Uploaded file crust-1.20.1-4.7.14.jar", "user_name": "admin", "user_id": 1, "server_id": "4c25d769-766d-4ffd-8d06-7982c0ffec05", "source_ip": "::1"}
{"level": "INFO", "time": "2025-11-13 01:46:44,592", "log_msg": "Uploaded file modernfix-forge-5.24.4+mc1.20.1.jar", "user_name": "admin", "user_id": 1, "server_id": "4c25d769-766d-4ffd-8d06-7982c0ffec05", "source_ip": "::1"}
{"level": "INFO", "time": "2025-11-13 01:46:44,742", "log_msg": "Uploaded file emi-1.1.22+1.20.1+forge.jar", "user_name": "admin", "user_id": 1, "server_id": "4c25d769-766d-4ffd-8d06-7982c0ffec05", "source_ip": "::1"}
{"level": "INFO", "time": "2025-11-13 01:46:44,794", "log_msg": "Uploaded file l2library-2.5.3.jar", "user_name": "admin", "user_id": 1, "server_id": "4c25d769-766d-4ffd-8d06-7982c0ffec05", "source_ip": "::1"}
{"level": "INFO", "time": "2025-11-13 01:46:45,091", "log_msg": "Uploaded file yet_another_config_lib_v3-3.6.6+1.20.1-forge.jar", "user_name": "admin", "user_id": 1, "server_id": "4c25d769-766d-4ffd-8d06-7982c0ffec05", "source_ip": "::1"}
{"level": "INFO", "time": "2025-11-13 01:46:45,167", "log_msg": "Uploaded file embeddium-0.3.31+mc1.20.1.jar", "user_name": "admin", "user_id": 1, "server_id": "4c25d769-766d-4ffd-8d06-7982c0ffec05", "source_ip": "::1"}
{"level": "INFO", "time": "2025-11-13 01:46:45,582", "log_msg": "Uploaded file hexxit_additions-1.0.2-forge-1.20.1.jar", "user_name": "admin", "user_id": 1, "server_id": "4c25d769-766d-4ffd-8d06-7982c0ffec05", "source_ip": "::1"}
{"level": "INFO", "time": "2025-11-13 01:46:46,158", "log_msg": "Uploaded file memory_of_the_past-1.8.0-forge-1.20.1.jar", "user_name": "admin", "user_id": 1, "server_id": "4c25d769-766d-4ffd-8d06-7982c0ffec05", "source_ip": "::1"}
{"level": "INFO", "time": "2025-11-13 01:46:46,199", "log_msg": "Uploaded file dungeons_enhanced-1.20.1-5.2.jar", "user_name": "admin", "user_id": 1, "server_id": "4c25d769-766d-4ffd-8d06-7982c0ffec05", "source_ip": "::1"}
{"level": "INFO", "time": "2025-11-13 01:46:46,476", "log_msg": "Uploaded file PuzzlesLib-v8.1.33-1.20.1-Forge.jar", "user_name": "admin", "user_id": 1, "server_id": "4c25d769-766d-4ffd-8d06-7982c0ffec05", "source_ip": "::1"}
{"level": "INFO", "time": "2025-11-13 01:46:46,726", "log_msg": "Uploaded file Philips-Ruins1.20.1-5.5.jar", "user_name": "admin", "user_id": 1, "server_id": "4c25d769-766d-4ffd-8d06-7982c0ffec05", "source_ip": "::1"}
{"level": "INFO", "time": "2025-11-13 01:46:46,985", "log_msg": "Uploaded file Mantle-1.20.1-1.11.79.jar", "user_name": "admin", "user_id": 1, "server_id": "4c25d769-766d-4ffd-8d06-7982c0ffec05", "source_ip": "::1"}
{"level": "INFO", "time": "2025-11-13 01:46:47,131", "log_msg": "Uploaded file servercore-forge-1.5.2+1.20.1.jar", "user_name": "admin", "user_id": 1, "server_id": "4c25d769-766d-4ffd-8d06-7982c0ffec05", "source_ip": "::1"}
{"level": "INFO", "time": "2025-11-13 01:46:47,155", "log_msg": "Uploaded file keebszs_battletowers_0.6.0-1.20.1BETA.jar", "user_name": "admin", "user_id": 1, "server_id": "4c25d769-766d-4ffd-8d06-7982c0ffec05", "source_ip": "::1"}
{"level": "INFO", "time": "2025-11-13 01:46:47,301", "log_msg": "Uploaded file bettervillage-forge-1.20.1-3.2.0.jar", "user_name": "admin", "user_id": 1, "server_id": "4c25d769-766d-4ffd-8d06-7982c0ffec05", "source_ip": "::1"}
{"level": "INFO", "time": "2025-11-13 01:46:47,329", "log_msg": "Uploaded file Xaeros_Minimap_25.2.10_Forge_1.20.jar", "user_name": "admin", "user_id": 1, "server_id": "4c25d769-766d-4ffd-8d06-7982c0ffec05", "source_ip": "::1"}
{"level": "INFO", "time": "2025-11-13 01:46:48,101", "log_msg": "Uploaded file reliquary-1.20.1-2.0.54.1304.jar", "user_name": "admin", "user_id": 1, "server_id": "4c25d769-766d-4ffd-8d06-7982c0ffec05", "source_ip": "::1"}
{"level": "INFO", "time": "2025-11-13 01:46:48,158", "log_msg": "Uploaded file exoticbirds-1.20.1-1.0.0.jar", "user_name": "admin", "user_id": 1, "server_id": "4c25d769-766d-4ffd-8d06-7982c0ffec05", "source_ip": "::1"}
{"level": "INFO", "time": "2025-11-13 01:46:48,521", "log_msg": "Uploaded file specialmobs-1.20.1-4.1.15.jar", "user_name": "admin", "user_id": 1, "server_id": "4c25d769-766d-4ffd-8d06-7982c0ffec05", "source_ip": "::1"}
{"level": "INFO", "time": "2025-11-13 01:46:49,892", "log_msg": "Uploaded file ATi Structures V1.4.3 (1.20+).jar", "user_name": "admin", "user_id": 1, "server_id": "4c25d769-766d-4ffd-8d06-7982c0ffec05", "source_ip": "::1"}
{"level": "INFO", "time": "2025-11-13 01:46:50,154", "log_msg": "Uploaded file oculus-mc1.20.1-1.8.0.jar", "user_name": "admin", "user_id": 1, "server_id": "4c25d769-766d-4ffd-8d06-7982c0ffec05", "source_ip": "::1"}
{"level": "INFO", "time": "2025-11-13 01:46:50,183", "log_msg": "Uploaded file citadel-2.6.2-1.20.1.jar", "user_name": "admin", "user_id": 1, "server_id": "4c25d769-766d-4ffd-8d06-7982c0ffec05", "source_ip": "::1"}
{"level": "INFO", "time": "2025-11-13 01:46:50,587", "log_msg": "Uploaded file modulargolems-2.6.9.jar", "user_name": "admin", "user_id": 1, "server_id": "4c25d769-766d-4ffd-8d06-7982c0ffec05", "source_ip": "::1"}
{"level": "INFO", "time": "2025-11-13 01:46:50,833", "log_msg": "Uploaded file simplefarming-1.20.1-2.1.6.jar", "user_name": "admin", "user_id": 1, "server_id": "4c25d769-766d-4ffd-8d06-7982c0ffec05", "source_ip": "::1"}
{"level": "INFO", "time": "2025-11-13 01:46:50,897", "log_msg": "Uploaded file fancymenu_forge_3.7.0_MC_1.20.1.jar", "user_name": "admin", "user_id": 1, "server_id": "4c25d769-766d-4ffd-8d06-7982c0ffec05", "source_ip": "::1"}
{"level": "INFO", "time": "2025-11-13 01:46:52,927", "log_msg": "Uploaded file Legendary Armory 1.20.1 1.4.8.jar", "user_name": "admin", "user_id": 1, "server_id": "4c25d769-766d-4ffd-8d06-7982c0ffec05", "source_ip": "::1"}
{"level": "INFO", "time": "2025-11-13 01:47:05,117", "log_msg": "Uploaded file Quark-4.0-462.jar", "user_name": "admin", "user_id": 1, "server_id": "4c25d769-766d-4ffd-8d06-7982c0ffec05", "source_ip": "::1"}
{"level": "INFO", "time": "2025-11-13 01:47:19,240", "log_msg": "Uploaded file TConstruct-1.20.1-3.10.2.92.jar", "user_name": "admin", "user_id": 1, "server_id": "4c25d769-766d-4ffd-8d06-7982c0ffec05", "source_ip": "::1"}
{"level": "INFO", "time": "2025-11-13 01:47:20,972", "log_msg": "Uploaded file twilightforest-1.20.1-4.3.2508-universal.jar", "user_name": "admin", "user_id": 1, "server_id": "4c25d769-766d-4ffd-8d06-7982c0ffec05", "source_ip": "::1"}
{"level": "INFO", "time": "2025-11-13 01:47:21,349", "log_msg": "Uploaded file mocreatures-1.20.1-1.0.0.jar", "user_name": "admin", "user_id": 1, "server_id": "4c25d769-766d-4ffd-8d06-7982c0ffec05", "source_ip": "::1"}
{"level": "INFO", "time": "2025-11-13 01:47:21,640", "log_msg": "Uploaded file malum-1.20.1-1.6.6.jar", "user_name": "admin", "user_id": 1, "server_id": "4c25d769-766d-4ffd-8d06-7982c0ffec05", "source_ip": "::1"}
{"level": "INFO", "time": "2025-11-13 01:47:21,721", "log_msg": "Uploaded file dimdoors-5.4.4-1.20.1-forge.jar", "user_name": "admin", "user_id": 1, "server_id": "4c25d769-766d-4ffd-8d06-7982c0ffec05", "source_ip": "::1"}
{"level": "INFO", "time": "2025-11-13 01:47:21,997", "log_msg": "Uploaded file even_more_magic_1.20.1(v.1.869).jar", "user_name": "admin", "user_id": 1, "server_id": "4c25d769-766d-4ffd-8d06-7982c0ffec05", "source_ip": "::1"}
{"level": "INFO", "time": "2025-11-13 01:49:26,649", "log_msg": "issued command restart_server for server Westeros with ID: 4c25d769-766d-4ffd-8d06-7982c0ffec05", "user_name": "admin", "user_id": 1, "server_id": "4c25d769-766d-4ffd-8d06-7982c0ffec05", "source_ip": "10.241.0.36"}
{"level": "INFO", "time": "2025-11-13 01:50:26,687", "log_msg": "issued command start_server for server Westeros with ID: 4c25d769-766d-4ffd-8d06-7982c0ffec05", "user_name": "admin", "user_id": 1, "server_id": "4c25d769-766d-4ffd-8d06-7982c0ffec05", "source_ip": "10.241.0.36"}
{"level": "INFO", "time": "2025-11-13 01:53:37,436", "log_msg": "issued command start_server for server Westeros with ID: 4c25d769-766d-4ffd-8d06-7982c0ffec05", "user_name": "admin", "user_id": 1, "server_id": "4c25d769-766d-4ffd-8d06-7982c0ffec05", "source_ip": "10.241.0.36"}
{"level": "INFO", "time": "2025-11-13 01:55:56,281", "log_msg": "issued command start_server for server Westeros with ID: 4c25d769-766d-4ffd-8d06-7982c0ffec05", "user_name": "admin", "user_id": 1, "server_id": "4c25d769-766d-4ffd-8d06-7982c0ffec05", "source_ip": "10.241.0.36"}
{"level": "INFO", "time": "2025-11-13 02:04:10,180", "log_msg": "issued command stop_server for server Westeros with ID: 4c25d769-766d-4ffd-8d06-7982c0ffec05", "user_name": "admin", "user_id": 1, "server_id": "4c25d769-766d-4ffd-8d06-7982c0ffec05", "source_ip": "10.241.0.36"}
{"level": "INFO", "time": "2025-11-13 02:04:23,002", "log_msg": "issued command start_server for server Westeros with ID: 4c25d769-766d-4ffd-8d06-7982c0ffec05", "user_name": "admin", "user_id": 1, "server_id": "4c25d769-766d-4ffd-8d06-7982c0ffec05", "source_ip": "10.241.0.36"}
{"level": "INFO", "time": "2025-11-13 02:24:59,653", "log_msg": "issued command restart_server for server Westeros with ID: 4c25d769-766d-4ffd-8d06-7982c0ffec05", "user_name": "admin", "user_id": 1, "server_id": "4c25d769-766d-4ffd-8d06-7982c0ffec05", "source_ip": "10.241.0.36"}
{"level": "INFO", "time": "2025-11-13 02:41:13,712", "log_msg": "Sent command (op Thorfinn) to terminal", "user_name": "admin", "user_id": 1, "server_id": "4c25d769-766d-4ffd-8d06-7982c0ffec05", "source_ip": "10.241.0.36"}
{"level": "INFO", "time": "2025-11-13 02:44:44,256", "log_msg": "issued command stop_server for server Westeros with ID: 4c25d769-766d-4ffd-8d06-7982c0ffec05", "user_name": "admin", "user_id": 1, "server_id": "4c25d769-766d-4ffd-8d06-7982c0ffec05", "source_ip": "10.241.0.36"}
{"level": "INFO", "time": "2025-11-13 02:51:55,098", "log_msg": "issued command start_server for server Westeros with ID: 4c25d769-766d-4ffd-8d06-7982c0ffec05", "user_name": "admin", "user_id": 1, "server_id": "4c25d769-766d-4ffd-8d06-7982c0ffec05", "source_ip": "10.241.0.36"}
{"level": "INFO", "time": "2025-11-13 02:55:03,284", "log_msg": "issued command stop_server for server Westeros with ID: 4c25d769-766d-4ffd-8d06-7982c0ffec05", "user_name": "admin", "user_id": 1, "server_id": "4c25d769-766d-4ffd-8d06-7982c0ffec05", "source_ip": "10.241.0.36"}
{"level": "INFO", "time": "2025-11-13 02:55:31,726", "log_msg": "issued command start_server for server Westeros with ID: 4c25d769-766d-4ffd-8d06-7982c0ffec05", "user_name": "admin", "user_id": 1, "server_id": "4c25d769-766d-4ffd-8d06-7982c0ffec05", "source_ip": "10.241.0.36"}
{"level": "INFO", "time": "2025-11-13 03:25:56,719", "log_msg": "Sent command (op Welling) to terminal", "user_name": "admin", "user_id": 1, "server_id": "4c25d769-766d-4ffd-8d06-7982c0ffec05", "source_ip": "10.241.0.36"}
{"level": "INFO", "time": "2025-11-13 03:26:12,153", "log_msg": "Sent command (op Welli) to terminal", "user_name": "admin", "user_id": 1, "server_id": "4c25d769-766d-4ffd-8d06-7982c0ffec05", "source_ip": "10.241.0.36"}
{"level": "INFO", "time": "2025-11-13 05:50:19,199", "log_msg": "issued command start_server for server Westeros with ID: 4c25d769-766d-4ffd-8d06-7982c0ffec05", "user_name": "admin", "user_id": 1, "server_id": "4c25d769-766d-4ffd-8d06-7982c0ffec05", "source_ip": "10.241.0.36"}
{"level": "INFO", "time": "2025-11-13 06:47:24,051", "log_msg": "issued command stop_server for server Westeros with ID: 4c25d769-766d-4ffd-8d06-7982c0ffec05", "user_name": "admin", "user_id": 1, "server_id": "4c25d769-766d-4ffd-8d06-7982c0ffec05", "source_ip": "10.241.0.36"}
{"level": "INFO", "time": "2025-11-13 15:14:48,859", "log_msg": "issued command start_server for server Westeros with ID: 4c25d769-766d-4ffd-8d06-7982c0ffec05", "user_name": "admin", "user_id": 1, "server_id": "4c25d769-766d-4ffd-8d06-7982c0ffec05", "source_ip": "10.241.0.36"}
